[2023-06-09 08:57:24] [info] Start Program:
Path:"C:\Users\USER\source\repos\labOOP\lab13_14\x64\Debug\lab13_14.exe"
Arguments:
Working directory: "C:\Users\USER\source\repos\labOOP\lab13_14\lab13_14\"
Modules: Selected: C:\Users\USER\source\repos\labOOP\lab13_14\x64\Debug\lab13_14.exe Excluded: 
Sources: Selected: C:\Users\USER\source\repos\labOOP\lab13_14\lab13_14 Excluded: 
Log Level: Normal
Cover Children: 0
Aggregate by file: 1
Continue after C++ exception: 0
Optimized build support: 0
Export: Binary C:\Users\USER\AppData\Local\Temp\nbc0dtxh.253 
Input coverage: 
Unified diff: 
Excluded line regular expressions: 
Substitute pdb source paths: 

[2023-06-09 08:57:24] [info] Module: C:\Users\USER\source\repos\labOOP\lab13_14\x64\Debug\lab13_14.exe is selected because it matches selected pattern: C:\Users\USER\source\repos\labOOP\lab13_14\x64\Debug\lab13_14.exe
[2023-06-09 08:57:25] [info] ----------------------------------------------------
[2023-06-09 08:57:25] [info] Coverage binary generated in file: C:\Users\USER\AppData\Local\Temp\nbc0dtxh.253
[2023-06-09 08:57:25] [info] ----------------------------------------------------
